<?xml version="1.0" encoding="UTF-8"?>
<!-- Generated by org.testng.reporters.JUnitXMLReporter -->
<testsuite ignored="0" hostname="DESKTOP-6064CKU" failures="0" tests="6" name="Default test" time="19.428" errors="0" timestamp="2023-12-06T20:58:49 IST">
  <testcase classname="api.test.DDTests" name="testPostuser" time="6.791"/>
  <testcase classname="api.test.DDTests" name="testPostuser" time="1.633"/>
  <testcase classname="api.test.DDTests" name="testPostuser" time="1.768"/>
  <testcase classname="api.test.DDTests" name="testDeleteUserByName" time="1.79"/>
  <testcase classname="api.test.DDTests" name="testDeleteUserByName" time="1.651"/>
  <testcase classname="api.test.DDTests" name="testDeleteUserByName" time="1.951"/>
</testsuite> <!-- Default test -->
