<?xml version="1.0" encoding="UTF-8"?>
<!-- Generated by org.testng.reporters.JUnitXMLReporter -->
<testsuite ignored="0" hostname="DESKTOP-6064CKU" failures="0" tests="4" name="Test" time="22.142" errors="0" timestamp="2023-12-06T21:34:21 IST">
  <testcase classname="api.test.UserTests" name="testPostUser" time="6.622"/>
  <testcase classname="api.test.UserTests" name="testGetUsername" time="2.697"/>
  <testcase classname="api.test.UserTests" name="testUpdateUsername" time="6.172"/>
  <testcase classname="api.test.UserTests" name="testDeleteUser" time="4.179"/>
</testsuite> <!-- Test -->
