<?xml version="1.0" encoding="UTF-8"?>
<!-- Generated by org.testng.reporters.JUnitXMLReporter -->
<testsuite ignored="0" hostname="DESKTOP-6064CKU" failures="0" tests="4" name="Test" time="16.041" errors="0" timestamp="2023-12-07T05:47:18 IST">
  <testcase classname="api.test.UserTests2" name="testPostUser" time="5.927"/>
  <testcase classname="api.test.UserTests2" name="testGetUsername" time="1.772"/>
  <testcase classname="api.test.UserTests2" name="testUpdateUsername" time="3.633"/>
  <testcase classname="api.test.UserTests2" name="testDeleteUser" time="1.736"/>
</testsuite> <!-- Test -->
