<?xml version="1.0" encoding="UTF-8"?>
<testsuite xmlns:xsi="http://www.w3.org/2001/XMLSchema-instance" xsi:noNamespaceSchemaLocation="https://maven.apache.org/surefire/maven-surefire-plugin/xsd/surefire-test-report-3.0.xsd" version="3.0" name="TestSuite" time="18.043" tests="4" errors="0" skipped="0" failures="0">
  <properties>
[...]
</properties>
  <testcase name="testPostUser" classname="api.test.UserTests2" time="5.983">
    <system-out><![CDATA[HTTP/1.1 200 OK
Date: Thu, 07 Dec 2023 00:17:11 GMT
Content-Type: application/json
Transfer-Encoding: chunked
Connection: keep-alive
Access-Control-Allow-Origin: *
Access-Control-Allow-Methods: GET, POST, DELETE, PUT
Access-Control-Allow-Headers: Content-Type, api_key, Authorization
Server: Jetty(9.2.9.v20150224)

{
    "code": 200,
    "type": "unknown",
    "message": "1305486145"
}
]]></system-out>
    <system-err><![CDATA[SLF4J: Failed to load class "org.slf4j.impl.StaticLoggerBinder".
SLF4J: Defaulting to no-operation (NOP) logger implementation
SLF4J: See http://www.slf4j.org/codes.html#StaticLoggerBinder for further details.
]]></system-err>
  </testcase>
  <testcase name="testGetUsername" classname="api.test.UserTests2" time="1.773">
    <system-out><![CDATA[HTTP/1.1 200 OK
Date: Thu, 07 Dec 2023 00:17:14 GMT
Content-Type: application/json
Transfer-Encoding: chunked
Connection: keep-alive
Access-Control-Allow-Origin: *
Access-Control-Allow-Methods: GET, POST, DELETE, PUT
Access-Control-Allow-Headers: Content-Type, api_key, Authorization
Server: Jetty(9.2.9.v20150224)

{
    "id": 1305486145,
    "username": "nickole.bednar",
    "firstName": "Melva",
    "lastName": "Huel",
    "email": "vince.reinger@example.com",
    "password": "rinfonl",
    "phone": "1-454-837-9376",
    "userStatus": 0
}
]]></system-out>
  </testcase>
  <testcase name="testUpdateUsername" classname="api.test.UserTests2" time="3.637">
    <system-out><![CDATA[HTTP/1.1 200 OK
Date: Thu, 07 Dec 2023 00:17:15 GMT
Content-Type: application/json
Transfer-Encoding: chunked
Connection: keep-alive
Access-Control-Allow-Origin: *
Access-Control-Allow-Methods: GET, POST, DELETE, PUT
Access-Control-Allow-Headers: Content-Type, api_key, Authorization
Server: Jetty(9.2.9.v20150224)

{
    "code": 200,
    "type": "unknown",
    "message": "1305486145"
}
]]></system-out>
  </testcase>
  <testcase name="testDeleteUser" classname="api.test.UserTests2" time="1.731"/>
</testsuite>