<?xml version="1.0" encoding="UTF-8"?>
<testng-results ignored="0" total="4" passed="4" failed="0" skipped="0">
  <reporter-output>
  </reporter-output>
  <suite started-at="2023-12-07T05:47:02 IST" name="Suite" finished-at="2023-12-07T05:47:18 IST" duration-ms="16041">
    <groups>
    </groups>
    <test started-at="2023-12-07T05:47:02 IST" name="Test" finished-at="2023-12-07T05:47:18 IST" duration-ms="16041">
      <class name="api.test.UserTests2">
        <test-method is-config="true" signature="setupData()[pri:0, instance:api.test.UserTests2@31fa1761]" started-at="2023-12-07T05:47:02 IST" name="setupData" finished-at="2023-12-07T05:47:04 IST" duration-ms="2328" status="PASS">
          <reporter-output>
          </reporter-output>
        </test-method> <!-- setupData -->
        <test-method signature="testPostUser()[pri:1, instance:api.test.UserTests2@31fa1761]" started-at="2023-12-07T05:47:05 IST" name="testPostUser" finished-at="2023-12-07T05:47:10 IST" duration-ms="5927" status="PASS">
          <reporter-output>
          </reporter-output>
        </test-method> <!-- testPostUser -->
        <test-method signature="testGetUsername()[pri:2, instance:api.test.UserTests2@31fa1761]" started-at="2023-12-07T05:47:10 IST" name="testGetUsername" finished-at="2023-12-07T05:47:12 IST" duration-ms="1772" status="PASS">
          <reporter-output>
          </reporter-output>
        </test-method> <!-- testGetUsername -->
        <test-method signature="testUpdateUsername()[pri:3, instance:api.test.UserTests2@31fa1761]" started-at="2023-12-07T05:47:12 IST" name="testUpdateUsername" finished-at="2023-12-07T05:47:16 IST" duration-ms="3633" status="PASS">
          <reporter-output>
          </reporter-output>
        </test-method> <!-- testUpdateUsername -->
        <test-method signature="testDeleteUser()[pri:4, instance:api.test.UserTests2@31fa1761]" started-at="2023-12-07T05:47:16 IST" name="testDeleteUser" finished-at="2023-12-07T05:47:18 IST" duration-ms="1736" status="PASS">
          <reporter-output>
          </reporter-output>
        </test-method> <!-- testDeleteUser -->
      </class> <!-- api.test.UserTests2 -->
    </test> <!-- Test -->
  </suite> <!-- Suite -->
</testng-results>
